{"/Users/blase/Desktop/SAE402/index.js": {"path":"/Users/blase/Desktop/SAE402/index.js","statementMap":{"0":{"start":{"line":1,"column":16},"end":{"line":1,"column":34}},"1":{"start":{"line":2,"column":18},"end":{"line":2,"column":50}},"2":{"start":{"line":3,"column":56},"end":{"line":3,"column":92}},"3":{"start":{"line":4,"column":14},"end":{"line":4,"column":43}},"4":{"start":{"line":7,"column":21},"end":{"line":7,"column":51}},"5":{"start":{"line":8,"column":21},"end":{"line":8,"column":51}},"6":{"start":{"line":9,"column":21},"end":{"line":9,"column":51}},"7":{"start":{"line":10,"column":27},"end":{"line":10,"column":63}},"8":{"start":{"line":11,"column":27},"end":{"line":11,"column":63}},"9":{"start":{"line":12,"column":26},"end":{"line":12,"column":61}},"10":{"start":{"line":14,"column":21},"end":{"line":14,"column":52}},"11":{"start":{"line":16,"column":12},"end":{"line":16,"column":21}},"12":{"start":{"line":17,"column":13},"end":{"line":17,"column":37}},"13":{"start":{"line":20,"column":0},"end":{"line":20,"column":24}},"14":{"start":{"line":21,"column":0},"end":{"line":21,"column":34}},"15":{"start":{"line":24,"column":0},"end":{"line":24,"column":37}},"16":{"start":{"line":25,"column":0},"end":{"line":25,"column":37}},"17":{"start":{"line":26,"column":0},"end":{"line":26,"column":37}},"18":{"start":{"line":27,"column":0},"end":{"line":27,"column":50}},"19":{"start":{"line":28,"column":0},"end":{"line":28,"column":50}},"20":{"start":{"line":29,"column":0},"end":{"line":29,"column":47}},"21":{"start":{"line":32,"column":18},"end":{"line":32,"column":34}},"22":{"start":{"line":35,"column":0},"end":{"line":46,"column":3}},"23":{"start":{"line":36,"column":2},"end":{"line":45,"column":3}},"24":{"start":{"line":37,"column":18},"end":{"line":37,"column":39}},"25":{"start":{"line":38,"column":4},"end":{"line":40,"column":5}},"26":{"start":{"line":39,"column":6},"end":{"line":39,"column":74}},"27":{"start":{"line":41,"column":4},"end":{"line":41,"column":20}},"28":{"start":{"line":43,"column":4},"end":{"line":43,"column":48}},"29":{"start":{"line":44,"column":4},"end":{"line":44,"column":54}},"30":{"start":{"line":48,"column":0},"end":{"line":71,"column":3}},"31":{"start":{"line":49,"column":2},"end":{"line":70,"column":3}},"32":{"start":{"line":50,"column":38},"end":{"line":50,"column":46}},"33":{"start":{"line":51,"column":18},"end":{"line":51,"column":39}},"34":{"start":{"line":53,"column":4},"end":{"line":55,"column":5}},"35":{"start":{"line":54,"column":6},"end":{"line":54,"column":79}},"36":{"start":{"line":57,"column":4},"end":{"line":59,"column":5}},"37":{"start":{"line":58,"column":6},"end":{"line":58,"column":39}},"38":{"start":{"line":61,"column":4},"end":{"line":63,"column":5}},"39":{"start":{"line":62,"column":6},"end":{"line":62,"column":38}},"40":{"start":{"line":65,"column":4},"end":{"line":65,"column":23}},"41":{"start":{"line":66,"column":4},"end":{"line":66,"column":32}},"42":{"start":{"line":68,"column":4},"end":{"line":68,"column":49}},"43":{"start":{"line":69,"column":4},"end":{"line":69,"column":76}},"44":{"start":{"line":74,"column":0},"end":{"line":105,"column":3}},"45":{"start":{"line":75,"column":2},"end":{"line":104,"column":3}},"46":{"start":{"line":78,"column":24},"end":{"line":84,"column":6}},"47":{"start":{"line":86,"column":4},"end":{"line":88,"column":5}},"48":{"start":{"line":87,"column":6},"end":{"line":87,"column":70}},"49":{"start":{"line":91,"column":21},"end":{"line":98,"column":5}},"50":{"start":{"line":95,"column":44},"end":{"line":95,"column":50}},"51":{"start":{"line":100,"column":4},"end":{"line":100,"column":23}},"52":{"start":{"line":102,"column":4},"end":{"line":102,"column":53}},"53":{"start":{"line":103,"column":4},"end":{"line":103,"column":76}},"54":{"start":{"line":107,"column":0},"end":{"line":131,"column":3}},"55":{"start":{"line":108,"column":2},"end":{"line":130,"column":3}},"56":{"start":{"line":109,"column":36},"end":{"line":109,"column":44}},"57":{"start":{"line":111,"column":4},"end":{"line":113,"column":5}},"58":{"start":{"line":112,"column":6},"end":{"line":112,"column":82}},"59":{"start":{"line":115,"column":18},"end":{"line":115,"column":47}},"60":{"start":{"line":117,"column":4},"end":{"line":119,"column":5}},"61":{"start":{"line":118,"column":6},"end":{"line":118,"column":64}},"62":{"start":{"line":121,"column":22},"end":{"line":121,"column":76}},"63":{"start":{"line":123,"column":4},"end":{"line":126,"column":7}},"64":{"start":{"line":128,"column":4},"end":{"line":128,"column":54}},"65":{"start":{"line":129,"column":4},"end":{"line":129,"column":76}},"66":{"start":{"line":134,"column":0},"end":{"line":134,"column":27}},"67":{"start":{"line":137,"column":0},"end":{"line":137,"column":18}},"68":{"start":{"line":140,"column":0},"end":{"line":142,"column":3}},"69":{"start":{"line":141,"column":2},"end":{"line":141,"column":51}},"70":{"start":{"line":145,"column":0},"end":{"line":147,"column":3}},"71":{"start":{"line":146,"column":2},"end":{"line":146,"column":55}},"72":{"start":{"line":151,"column":2},"end":{"line":161,"column":3}},"73":{"start":{"line":152,"column":18},"end":{"line":152,"column":39}},"74":{"start":{"line":153,"column":4},"end":{"line":158,"column":5}},"75":{"start":{"line":154,"column":6},"end":{"line":154,"column":63}},"76":{"start":{"line":155,"column":6},"end":{"line":155,"column":74}},"77":{"start":{"line":157,"column":6},"end":{"line":157,"column":72}},"78":{"start":{"line":160,"column":4},"end":{"line":160,"column":79}},"79":{"start":{"line":166,"column":2},"end":{"line":184,"column":3}},"80":{"start":{"line":168,"column":4},"end":{"line":168,"column":35}},"81":{"start":{"line":169,"column":4},"end":{"line":169,"column":62}},"82":{"start":{"line":172,"column":4},"end":{"line":172,"column":42}},"83":{"start":{"line":173,"column":4},"end":{"line":173,"column":66}},"84":{"start":{"line":176,"column":4},"end":{"line":176,"column":28}},"85":{"start":{"line":179,"column":4},"end":{"line":181,"column":7}},"86":{"start":{"line":180,"column":6},"end":{"line":180,"column":59}},"87":{"start":{"line":183,"column":4},"end":{"line":183,"column":66}},"88":{"start":{"line":187,"column":0},"end":{"line":187,"column":14}}},"fnMap":{"0":{"name":"(anonymous_0)","decl":{"start":{"line":35,"column":24},"end":{"line":35,"column":25}},"loc":{"start":{"line":35,"column":44},"end":{"line":46,"column":1}},"line":35},"1":{"name":"(anonymous_1)","decl":{"start":{"line":48,"column":25},"end":{"line":48,"column":26}},"loc":{"start":{"line":48,"column":45},"end":{"line":71,"column":1}},"line":48},"2":{"name":"(anonymous_2)","decl":{"start":{"line":74,"column":29},"end":{"line":74,"column":30}},"loc":{"start":{"line":74,"column":49},"end":{"line":105,"column":1}},"line":74},"3":{"name":"(anonymous_3)","decl":{"start":{"line":95,"column":39},"end":{"line":95,"column":40}},"loc":{"start":{"line":95,"column":44},"end":{"line":95,"column":50}},"line":95},"4":{"name":"(anonymous_4)","decl":{"start":{"line":107,"column":30},"end":{"line":107,"column":31}},"loc":{"start":{"line":107,"column":50},"end":{"line":131,"column":1}},"line":107},"5":{"name":"(anonymous_5)","decl":{"start":{"line":140,"column":13},"end":{"line":140,"column":14}},"loc":{"start":{"line":140,"column":27},"end":{"line":142,"column":1}},"line":140},"6":{"name":"(anonymous_6)","decl":{"start":{"line":145,"column":13},"end":{"line":145,"column":14}},"loc":{"start":{"line":145,"column":27},"end":{"line":147,"column":1}},"line":145},"7":{"name":"initializeStats","decl":{"start":{"line":150,"column":15},"end":{"line":150,"column":30}},"loc":{"start":{"line":150,"column":33},"end":{"line":162,"column":1}},"line":150},"8":{"name":"startServer","decl":{"start":{"line":165,"column":15},"end":{"line":165,"column":26}},"loc":{"start":{"line":165,"column":29},"end":{"line":185,"column":1}},"line":165},"9":{"name":"(anonymous_9)","decl":{"start":{"line":179,"column":21},"end":{"line":179,"column":22}},"loc":{"start":{"line":179,"column":27},"end":{"line":181,"column":5}},"line":179}},"branchMap":{"0":{"loc":{"start":{"line":17,"column":13},"end":{"line":17,"column":37}},"type":"binary-expr","locations":[{"start":{"line":17,"column":13},"end":{"line":17,"column":29}},{"start":{"line":17,"column":33},"end":{"line":17,"column":37}}],"line":17},"1":{"loc":{"start":{"line":38,"column":4},"end":{"line":40,"column":5}},"type":"if","locations":[{"start":{"line":38,"column":4},"end":{"line":40,"column":5}},{"start":{},"end":{}}],"line":38},"2":{"loc":{"start":{"line":53,"column":4},"end":{"line":55,"column":5}},"type":"if","locations":[{"start":{"line":53,"column":4},"end":{"line":55,"column":5}},{"start":{},"end":{}}],"line":53},"3":{"loc":{"start":{"line":57,"column":4},"end":{"line":59,"column":5}},"type":"if","locations":[{"start":{"line":57,"column":4},"end":{"line":59,"column":5}},{"start":{},"end":{}}],"line":57},"4":{"loc":{"start":{"line":61,"column":4},"end":{"line":63,"column":5}},"type":"if","locations":[{"start":{"line":61,"column":4},"end":{"line":63,"column":5}},{"start":{},"end":{}}],"line":61},"5":{"loc":{"start":{"line":86,"column":4},"end":{"line":88,"column":5}},"type":"if","locations":[{"start":{"line":86,"column":4},"end":{"line":88,"column":5}},{"start":{},"end":{}}],"line":86},"6":{"loc":{"start":{"line":111,"column":4},"end":{"line":113,"column":5}},"type":"if","locations":[{"start":{"line":111,"column":4},"end":{"line":113,"column":5}},{"start":{},"end":{}}],"line":111},"7":{"loc":{"start":{"line":111,"column":8},"end":{"line":111,"column":31}},"type":"binary-expr","locations":[{"start":{"line":111,"column":8},"end":{"line":111,"column":16}},{"start":{"line":111,"column":20},"end":{"line":111,"column":31}}],"line":111},"8":{"loc":{"start":{"line":117,"column":4},"end":{"line":119,"column":5}},"type":"if","locations":[{"start":{"line":117,"column":4},"end":{"line":119,"column":5}},{"start":{},"end":{}}],"line":117},"9":{"loc":{"start":{"line":125,"column":13},"end":{"line":125,"column":43}},"type":"cond-expr","locations":[{"start":{"line":125,"column":25},"end":{"line":125,"column":36}},{"start":{"line":125,"column":39},"end":{"line":125,"column":43}}],"line":125},"10":{"loc":{"start":{"line":153,"column":4},"end":{"line":158,"column":5}},"type":"if","locations":[{"start":{"line":153,"column":4},"end":{"line":158,"column":5}},{"start":{"line":156,"column":11},"end":{"line":158,"column":5}}],"line":153}},"s":{"0":5,"1":5,"2":5,"3":5,"4":5,"5":5,"6":5,"7":5,"8":5,"9":5,"10":5,"11":5,"12":5,"13":5,"14":5,"15":5,"16":5,"17":5,"18":5,"19":5,"20":5,"21":5,"22":5,"23":0,"24":0,"25":0,"26":0,"27":0,"28":0,"29":0,"30":5,"31":0,"32":0,"33":0,"34":0,"35":0,"36":0,"37":0,"38":0,"39":0,"40":0,"41":0,"42":0,"43":0,"44":5,"45":0,"46":0,"47":0,"48":0,"49":0,"50":0,"51":0,"52":0,"53":0,"54":5,"55":0,"56":0,"57":0,"58":0,"59":0,"60":0,"61":0,"62":0,"63":0,"64":0,"65":0,"66":5,"67":5,"68":5,"69":0,"70":5,"71":0,"72":0,"73":0,"74":0,"75":0,"76":0,"77":0,"78":0,"79":5,"80":5,"81":0,"82":0,"83":0,"84":0,"85":0,"86":0,"87":0,"88":5},"f":{"0":0,"1":0,"2":0,"3":0,"4":0,"5":0,"6":0,"7":0,"8":5,"9":0},"b":{"0":[5,0],"1":[0,0],"2":[0,0],"3":[0,0],"4":[0,0],"5":[0,0],"6":[0,0],"7":[0,0],"8":[0,0],"9":[0,0],"10":[0,0]},"_coverageSchema":"1a1c01bbd47fc00a2c39e90264f33305004495a9","hash":"83143eeb5b397c11e51f71860ff26081a49a59b4"}
,"/Users/blase/Desktop/SAE402/src/config/database.js": {"path":"/Users/blase/Desktop/SAE402/src/config/database.js","statementMap":{"0":{"start":{"line":1,"column":22},"end":{"line":1,"column":42}},"1":{"start":{"line":2,"column":0},"end":{"line":2,"column":27}},"2":{"start":{"line":4,"column":18},"end":{"line":7,"column":2}},"3":{"start":{"line":9,"column":0},"end":{"line":9,"column":27}}},"fnMap":{},"branchMap":{},"s":{"0":5,"1":5,"2":5,"3":5},"f":{},"b":{},"_coverageSchema":"1a1c01bbd47fc00a2c39e90264f33305004495a9","hash":"bdefee9f6be7f705e40bdff0d987db2189314373"}
,"/Users/blase/Desktop/SAE402/src/config/swagger.js": {"path":"/Users/blase/Desktop/SAE402/src/config/swagger.js","statementMap":{"0":{"start":{"line":1,"column":21},"end":{"line":1,"column":45}},"1":{"start":{"line":2,"column":18},"end":{"line":2,"column":47}},"2":{"start":{"line":4,"column":16},"end":{"line":20,"column":1}},"3":{"start":{"line":22,"column":20},"end":{"line":22,"column":41}},"4":{"start":{"line":24,"column":21},"end":{"line":26,"column":1}},"5":{"start":{"line":25,"column":2},"end":{"line":25,"column":70}},"6":{"start":{"line":28,"column":0},"end":{"line":28,"column":30}}},"fnMap":{"0":{"name":"(anonymous_0)","decl":{"start":{"line":24,"column":21},"end":{"line":24,"column":22}},"loc":{"start":{"line":24,"column":30},"end":{"line":26,"column":1}},"line":24}},"branchMap":{},"s":{"0":5,"1":5,"2":5,"3":5,"4":5,"5":5,"6":5},"f":{"0":5},"b":{},"_coverageSchema":"1a1c01bbd47fc00a2c39e90264f33305004495a9","hash":"cafdb13f1abeb3a4aac5069e9484a4f5bdfe3f94"}
,"/Users/blase/Desktop/SAE402/src/models/actor.js": {"path":"/Users/blase/Desktop/SAE402/src/models/actor.js","statementMap":{"0":{"start":{"line":1,"column":22},"end":{"line":1,"column":42}},"1":{"start":{"line":2,"column":18},"end":{"line":2,"column":47}},"2":{"start":{"line":4,"column":14},"end":{"line":17,"column":2}},"3":{"start":{"line":19,"column":0},"end":{"line":19,"column":23}}},"fnMap":{},"branchMap":{},"s":{"0":5,"1":5,"2":5,"3":5},"f":{},"b":{},"_coverageSchema":"1a1c01bbd47fc00a2c39e90264f33305004495a9","hash":"792ecfe180f853bad4506fd1a9d2787fd99c6b4d"}
,"/Users/blase/Desktop/SAE402/src/models/associations.js": {"path":"/Users/blase/Desktop/SAE402/src/models/associations.js","statementMap":{"0":{"start":{"line":1,"column":14},"end":{"line":1,"column":32}},"1":{"start":{"line":2,"column":14},"end":{"line":2,"column":32}},"2":{"start":{"line":3,"column":19},"end":{"line":3,"column":42}},"3":{"start":{"line":4,"column":14},"end":{"line":4,"column":32}},"4":{"start":{"line":5,"column":19},"end":{"line":5,"column":42}},"5":{"start":{"line":8,"column":0},"end":{"line":8,"column":98}},"6":{"start":{"line":9,"column":0},"end":{"line":9,"column":98}},"7":{"start":{"line":12,"column":0},"end":{"line":12,"column":98}},"8":{"start":{"line":13,"column":0},"end":{"line":13,"column":98}},"9":{"start":{"line":15,"column":0},"end":{"line":21,"column":2}}},"fnMap":{},"branchMap":{},"s":{"0":5,"1":5,"2":5,"3":5,"4":5,"5":5,"6":5,"7":5,"8":5,"9":5},"f":{},"b":{},"_coverageSchema":"1a1c01bbd47fc00a2c39e90264f33305004495a9","hash":"d963aa2135104f0f7b0ad33368c3c81d066a52b4"}
,"/Users/blase/Desktop/SAE402/src/models/game.js": {"path":"/Users/blase/Desktop/SAE402/src/models/game.js","statementMap":{"0":{"start":{"line":2,"column":22},"end":{"line":2,"column":42}},"1":{"start":{"line":3,"column":18},"end":{"line":3,"column":47}},"2":{"start":{"line":5,"column":13},"end":{"line":32,"column":2}},"3":{"start":{"line":19,"column":6},"end":{"line":19,"column":56}},"4":{"start":{"line":22,"column":6},"end":{"line":22,"column":60}},"5":{"start":{"line":34,"column":0},"end":{"line":34,"column":22}}},"fnMap":{"0":{"name":"(anonymous_0)","decl":{"start":{"line":18,"column":4},"end":{"line":18,"column":5}},"loc":{"start":{"line":18,"column":10},"end":{"line":20,"column":5}},"line":18},"1":{"name":"(anonymous_1)","decl":{"start":{"line":21,"column":4},"end":{"line":21,"column":5}},"loc":{"start":{"line":21,"column":15},"end":{"line":23,"column":5}},"line":21}},"branchMap":{},"s":{"0":5,"1":5,"2":5,"3":0,"4":0,"5":5},"f":{"0":0,"1":0},"b":{},"_coverageSchema":"1a1c01bbd47fc00a2c39e90264f33305004495a9","hash":"d04b724abb968ae92d5887b4ee35df0cdfc6f1d5"}
,"/Users/blase/Desktop/SAE402/src/models/genre.js": {"path":"/Users/blase/Desktop/SAE402/src/models/genre.js","statementMap":{"0":{"start":{"line":1,"column":22},"end":{"line":1,"column":42}},"1":{"start":{"line":2,"column":18},"end":{"line":2,"column":47}},"2":{"start":{"line":3,"column":19},"end":{"line":3,"column":42}},"3":{"start":{"line":5,"column":14},"end":{"line":18,"column":2}},"4":{"start":{"line":20,"column":0},"end":{"line":20,"column":54}},"5":{"start":{"line":22,"column":0},"end":{"line":22,"column":23}}},"fnMap":{},"branchMap":{},"s":{"0":5,"1":5,"2":5,"3":5,"4":5,"5":5},"f":{},"b":{},"_coverageSchema":"1a1c01bbd47fc00a2c39e90264f33305004495a9","hash":"849ca0bb8b5c8a9da84583f0c84a33e7dfa5c14d"}
,"/Users/blase/Desktop/SAE402/src/models/movie.js": {"path":"/Users/blase/Desktop/SAE402/src/models/movie.js","statementMap":{"0":{"start":{"line":1,"column":22},"end":{"line":1,"column":42}},"1":{"start":{"line":2,"column":18},"end":{"line":2,"column":47}},"2":{"start":{"line":4,"column":14},"end":{"line":21,"column":2}},"3":{"start":{"line":23,"column":0},"end":{"line":23,"column":23}}},"fnMap":{},"branchMap":{},"s":{"0":5,"1":5,"2":5,"3":5},"f":{},"b":{},"_coverageSchema":"1a1c01bbd47fc00a2c39e90264f33305004495a9","hash":"3756dfa8b9bcd74fecfff5df34b098eefa5c3d32"}
,"/Users/blase/Desktop/SAE402/src/models/movieActor.js": {"path":"/Users/blase/Desktop/SAE402/src/models/movieActor.js","statementMap":{"0":{"start":{"line":1,"column":22},"end":{"line":1,"column":42}},"1":{"start":{"line":2,"column":18},"end":{"line":2,"column":47}},"2":{"start":{"line":4,"column":19},"end":{"line":18,"column":2}},"3":{"start":{"line":20,"column":0},"end":{"line":20,"column":28}}},"fnMap":{},"branchMap":{},"s":{"0":5,"1":5,"2":5,"3":5},"f":{},"b":{},"_coverageSchema":"1a1c01bbd47fc00a2c39e90264f33305004495a9","hash":"bb1f8fc38326b9dc92939396f49e77c6085d3b5b"}
,"/Users/blase/Desktop/SAE402/src/models/movieGenre.js": {"path":"/Users/blase/Desktop/SAE402/src/models/movieGenre.js","statementMap":{"0":{"start":{"line":1,"column":22},"end":{"line":1,"column":42}},"1":{"start":{"line":2,"column":18},"end":{"line":2,"column":47}},"2":{"start":{"line":5,"column":19},"end":{"line":19,"column":2}},"3":{"start":{"line":21,"column":0},"end":{"line":21,"column":28}}},"fnMap":{},"branchMap":{},"s":{"0":5,"1":5,"2":5,"3":5},"f":{},"b":{},"_coverageSchema":"1a1c01bbd47fc00a2c39e90264f33305004495a9","hash":"178c1ad5b343c5015fd33b98dc0cbf2d4fa41b51"}
,"/Users/blase/Desktop/SAE402/src/models/stats.js": {"path":"/Users/blase/Desktop/SAE402/src/models/stats.js","statementMap":{"0":{"start":{"line":1,"column":22},"end":{"line":1,"column":42}},"1":{"start":{"line":2,"column":18},"end":{"line":2,"column":47}},"2":{"start":{"line":4,"column":14},"end":{"line":23,"column":2}},"3":{"start":{"line":25,"column":0},"end":{"line":25,"column":23}}},"fnMap":{},"branchMap":{},"s":{"0":5,"1":5,"2":5,"3":5},"f":{},"b":{},"_coverageSchema":"1a1c01bbd47fc00a2c39e90264f33305004495a9","hash":"5d73fc91400ab4d12686fce7050dc96f76cdad58"}
,"/Users/blase/Desktop/SAE402/src/routes/actors.js": {"path":"/Users/blase/Desktop/SAE402/src/routes/actors.js","statementMap":{"0":{"start":{"line":1,"column":16},"end":{"line":1,"column":34}},"1":{"start":{"line":2,"column":15},"end":{"line":2,"column":31}},"2":{"start":{"line":3,"column":14},"end":{"line":3,"column":40}},"3":{"start":{"line":4,"column":14},"end":{"line":4,"column":40}},"4":{"start":{"line":38,"column":0},"end":{"line":46,"column":3}},"5":{"start":{"line":39,"column":2},"end":{"line":45,"column":3}},"6":{"start":{"line":40,"column":19},"end":{"line":40,"column":40}},"7":{"start":{"line":41,"column":4},"end":{"line":41,"column":21}},"8":{"start":{"line":43,"column":4},"end":{"line":43,"column":49}},"9":{"start":{"line":44,"column":4},"end":{"line":44,"column":54}},"10":{"start":{"line":49,"column":0},"end":{"line":73,"column":3}},"11":{"start":{"line":50,"column":2},"end":{"line":72,"column":3}},"12":{"start":{"line":51,"column":20},"end":{"line":51,"column":33}},"13":{"start":{"line":52,"column":4},"end":{"line":52,"column":48}},"14":{"start":{"line":54,"column":19},"end":{"line":60,"column":6}},"15":{"start":{"line":62,"column":4},"end":{"line":62,"column":46}},"16":{"start":{"line":64,"column":4},"end":{"line":66,"column":5}},"17":{"start":{"line":65,"column":6},"end":{"line":65,"column":83}},"18":{"start":{"line":68,"column":4},"end":{"line":68,"column":21}},"19":{"start":{"line":70,"column":4},"end":{"line":70,"column":60}},"20":{"start":{"line":71,"column":4},"end":{"line":71,"column":76}},"21":{"start":{"line":108,"column":0},"end":{"line":116,"column":3}},"22":{"start":{"line":109,"column":2},"end":{"line":115,"column":3}},"23":{"start":{"line":110,"column":21},"end":{"line":110,"column":49}},"24":{"start":{"line":111,"column":4},"end":{"line":111,"column":35}},"25":{"start":{"line":113,"column":4},"end":{"line":113,"column":50}},"26":{"start":{"line":114,"column":4},"end":{"line":114,"column":91}},"27":{"start":{"line":118,"column":0},"end":{"line":118,"column":24}}},"fnMap":{"0":{"name":"(anonymous_0)","decl":{"start":{"line":38,"column":16},"end":{"line":38,"column":17}},"loc":{"start":{"line":38,"column":36},"end":{"line":46,"column":1}},"line":38},"1":{"name":"(anonymous_1)","decl":{"start":{"line":49,"column":26},"end":{"line":49,"column":27}},"loc":{"start":{"line":49,"column":46},"end":{"line":73,"column":1}},"line":49},"2":{"name":"(anonymous_2)","decl":{"start":{"line":108,"column":17},"end":{"line":108,"column":18}},"loc":{"start":{"line":108,"column":37},"end":{"line":116,"column":1}},"line":108}},"branchMap":{"0":{"loc":{"start":{"line":64,"column":4},"end":{"line":66,"column":5}},"type":"if","locations":[{"start":{"line":64,"column":4},"end":{"line":66,"column":5}},{"start":{},"end":{}}],"line":64},"1":{"loc":{"start":{"line":64,"column":8},"end":{"line":64,"column":38}},"type":"binary-expr","locations":[{"start":{"line":64,"column":8},"end":{"line":64,"column":15}},{"start":{"line":64,"column":19},"end":{"line":64,"column":38}}],"line":64}},"s":{"0":5,"1":5,"2":5,"3":5,"4":5,"5":0,"6":0,"7":0,"8":0,"9":0,"10":5,"11":0,"12":0,"13":0,"14":0,"15":0,"16":0,"17":0,"18":0,"19":0,"20":0,"21":5,"22":0,"23":0,"24":0,"25":0,"26":0,"27":5},"f":{"0":0,"1":0,"2":0},"b":{"0":[0,0],"1":[0,0]},"_coverageSchema":"1a1c01bbd47fc00a2c39e90264f33305004495a9","hash":"5e63a79b6d00654dc60db8112e2133ad7576db17"}
,"/Users/blase/Desktop/SAE402/src/routes/genres.js": {"path":"/Users/blase/Desktop/SAE402/src/routes/genres.js","statementMap":{"0":{"start":{"line":1,"column":16},"end":{"line":1,"column":34}},"1":{"start":{"line":2,"column":15},"end":{"line":2,"column":31}},"2":{"start":{"line":3,"column":14},"end":{"line":3,"column":40}},"3":{"start":{"line":51,"column":0},"end":{"line":59,"column":3}},"4":{"start":{"line":52,"column":2},"end":{"line":58,"column":3}},"5":{"start":{"line":53,"column":19},"end":{"line":53,"column":40}},"6":{"start":{"line":54,"column":4},"end":{"line":54,"column":21}},"7":{"start":{"line":56,"column":4},"end":{"line":56,"column":49}},"8":{"start":{"line":57,"column":4},"end":{"line":57,"column":54}},"9":{"start":{"line":62,"column":0},"end":{"line":70,"column":3}},"10":{"start":{"line":63,"column":2},"end":{"line":69,"column":3}},"11":{"start":{"line":64,"column":21},"end":{"line":64,"column":49}},"12":{"start":{"line":65,"column":4},"end":{"line":65,"column":35}},"13":{"start":{"line":67,"column":4},"end":{"line":67,"column":50}},"14":{"start":{"line":68,"column":4},"end":{"line":68,"column":91}},"15":{"start":{"line":72,"column":0},"end":{"line":72,"column":24}}},"fnMap":{"0":{"name":"(anonymous_0)","decl":{"start":{"line":51,"column":16},"end":{"line":51,"column":17}},"loc":{"start":{"line":51,"column":36},"end":{"line":59,"column":1}},"line":51},"1":{"name":"(anonymous_1)","decl":{"start":{"line":62,"column":17},"end":{"line":62,"column":18}},"loc":{"start":{"line":62,"column":37},"end":{"line":70,"column":1}},"line":62}},"branchMap":{},"s":{"0":5,"1":5,"2":5,"3":5,"4":0,"5":0,"6":0,"7":0,"8":0,"9":5,"10":0,"11":0,"12":0,"13":0,"14":0,"15":5},"f":{"0":0,"1":0},"b":{},"_coverageSchema":"1a1c01bbd47fc00a2c39e90264f33305004495a9","hash":"367af4d5c169abbc03590f131775e33782640868"}
,"/Users/blase/Desktop/SAE402/src/routes/leaderboard.js": {"path":"/Users/blase/Desktop/SAE402/src/routes/leaderboard.js","statementMap":{"0":{"start":{"line":1,"column":16},"end":{"line":1,"column":34}},"1":{"start":{"line":2,"column":15},"end":{"line":2,"column":31}},"2":{"start":{"line":3,"column":13},"end":{"line":3,"column":38}},"3":{"start":{"line":34,"column":0},"end":{"line":46,"column":3}},"4":{"start":{"line":35,"column":2},"end":{"line":45,"column":3}},"5":{"start":{"line":36,"column":24},"end":{"line":40,"column":6}},"6":{"start":{"line":41,"column":4},"end":{"line":41,"column":26}},"7":{"start":{"line":43,"column":4},"end":{"line":43,"column":54}},"8":{"start":{"line":44,"column":4},"end":{"line":44,"column":54}},"9":{"start":{"line":48,"column":0},"end":{"line":48,"column":24}}},"fnMap":{"0":{"name":"(anonymous_0)","decl":{"start":{"line":34,"column":16},"end":{"line":34,"column":17}},"loc":{"start":{"line":34,"column":36},"end":{"line":46,"column":1}},"line":34}},"branchMap":{},"s":{"0":5,"1":5,"2":5,"3":5,"4":0,"5":0,"6":0,"7":0,"8":0,"9":5},"f":{"0":0},"b":{},"_coverageSchema":"1a1c01bbd47fc00a2c39e90264f33305004495a9","hash":"646b2e0974cd0b349730790314facea9627cb7e6"}
,"/Users/blase/Desktop/SAE402/src/routes/movies.js": {"path":"/Users/blase/Desktop/SAE402/src/routes/movies.js","statementMap":{"0":{"start":{"line":1,"column":16},"end":{"line":1,"column":34}},"1":{"start":{"line":2,"column":15},"end":{"line":2,"column":31}},"2":{"start":{"line":3,"column":14},"end":{"line":3,"column":40}},"3":{"start":{"line":4,"column":14},"end":{"line":4,"column":40}},"4":{"start":{"line":90,"column":0},"end":{"line":104,"column":3}},"5":{"start":{"line":91,"column":2},"end":{"line":103,"column":3}},"6":{"start":{"line":92,"column":20},"end":{"line":92,"column":33}},"7":{"start":{"line":93,"column":19},"end":{"line":98,"column":6}},"8":{"start":{"line":99,"column":4},"end":{"line":99,"column":21}},"9":{"start":{"line":101,"column":4},"end":{"line":101,"column":60}},"10":{"start":{"line":102,"column":4},"end":{"line":102,"column":54}},"11":{"start":{"line":106,"column":0},"end":{"line":114,"column":3}},"12":{"start":{"line":107,"column":2},"end":{"line":113,"column":3}},"13":{"start":{"line":108,"column":21},"end":{"line":108,"column":49}},"14":{"start":{"line":109,"column":4},"end":{"line":109,"column":35}},"15":{"start":{"line":111,"column":4},"end":{"line":111,"column":50}},"16":{"start":{"line":112,"column":4},"end":{"line":112,"column":90}},"17":{"start":{"line":116,"column":0},"end":{"line":116,"column":24}}},"fnMap":{"0":{"name":"(anonymous_0)","decl":{"start":{"line":90,"column":26},"end":{"line":90,"column":27}},"loc":{"start":{"line":90,"column":46},"end":{"line":104,"column":1}},"line":90},"1":{"name":"(anonymous_1)","decl":{"start":{"line":106,"column":17},"end":{"line":106,"column":18}},"loc":{"start":{"line":106,"column":37},"end":{"line":114,"column":1}},"line":106}},"branchMap":{},"s":{"0":5,"1":5,"2":5,"3":5,"4":5,"5":0,"6":0,"7":0,"8":0,"9":0,"10":0,"11":5,"12":0,"13":0,"14":0,"15":0,"16":0,"17":5},"f":{"0":0,"1":0},"b":{},"_coverageSchema":"1a1c01bbd47fc00a2c39e90264f33305004495a9","hash":"96bb0312b6dd14a01f0974adc7bf59597be66dd7"}
,"/Users/blase/Desktop/SAE402/src/routes/moviesActors.js": {"path":"/Users/blase/Desktop/SAE402/src/routes/moviesActors.js","statementMap":{"0":{"start":{"line":1,"column":16},"end":{"line":1,"column":34}},"1":{"start":{"line":2,"column":15},"end":{"line":2,"column":31}},"2":{"start":{"line":3,"column":19},"end":{"line":3,"column":50}},"3":{"start":{"line":4,"column":14},"end":{"line":4,"column":40}},"4":{"start":{"line":5,"column":14},"end":{"line":5,"column":40}},"5":{"start":{"line":58,"column":0},"end":{"line":66,"column":3}},"6":{"start":{"line":59,"column":2},"end":{"line":65,"column":3}},"7":{"start":{"line":60,"column":25},"end":{"line":60,"column":51}},"8":{"start":{"line":61,"column":4},"end":{"line":61,"column":27}},"9":{"start":{"line":63,"column":4},"end":{"line":63,"column":56}},"10":{"start":{"line":64,"column":4},"end":{"line":64,"column":54}},"11":{"start":{"line":69,"column":0},"end":{"line":86,"column":3}},"12":{"start":{"line":70,"column":2},"end":{"line":85,"column":3}},"13":{"start":{"line":71,"column":35},"end":{"line":71,"column":43}},"14":{"start":{"line":74,"column":18},"end":{"line":74,"column":48}},"15":{"start":{"line":75,"column":18},"end":{"line":75,"column":48}},"16":{"start":{"line":77,"column":4},"end":{"line":77,"column":98}},"17":{"start":{"line":77,"column":16},"end":{"line":77,"column":98}},"18":{"start":{"line":78,"column":4},"end":{"line":78,"column":100}},"19":{"start":{"line":78,"column":16},"end":{"line":78,"column":100}},"20":{"start":{"line":80,"column":26},"end":{"line":80,"column":73}},"21":{"start":{"line":81,"column":4},"end":{"line":81,"column":40}},"22":{"start":{"line":83,"column":4},"end":{"line":83,"column":61}},"23":{"start":{"line":84,"column":4},"end":{"line":84,"column":76}},"24":{"start":{"line":88,"column":0},"end":{"line":88,"column":24}}},"fnMap":{"0":{"name":"(anonymous_0)","decl":{"start":{"line":58,"column":16},"end":{"line":58,"column":17}},"loc":{"start":{"line":58,"column":36},"end":{"line":66,"column":1}},"line":58},"1":{"name":"(anonymous_1)","decl":{"start":{"line":69,"column":17},"end":{"line":69,"column":18}},"loc":{"start":{"line":69,"column":37},"end":{"line":86,"column":1}},"line":69}},"branchMap":{"0":{"loc":{"start":{"line":77,"column":4},"end":{"line":77,"column":98}},"type":"if","locations":[{"start":{"line":77,"column":4},"end":{"line":77,"column":98}},{"start":{},"end":{}}],"line":77},"1":{"loc":{"start":{"line":78,"column":4},"end":{"line":78,"column":100}},"type":"if","locations":[{"start":{"line":78,"column":4},"end":{"line":78,"column":100}},{"start":{},"end":{}}],"line":78}},"s":{"0":5,"1":5,"2":5,"3":5,"4":5,"5":5,"6":0,"7":0,"8":0,"9":0,"10":0,"11":5,"12":0,"13":0,"14":0,"15":0,"16":0,"17":0,"18":0,"19":0,"20":0,"21":0,"22":0,"23":0,"24":5},"f":{"0":0,"1":0},"b":{"0":[0,0],"1":[0,0]},"_coverageSchema":"1a1c01bbd47fc00a2c39e90264f33305004495a9","hash":"2999b7097a81ac7bb6b34e3d000ae9897043a67e"}
,"/Users/blase/Desktop/SAE402/src/routes/moviesGenres.js": {"path":"/Users/blase/Desktop/SAE402/src/routes/moviesGenres.js","statementMap":{"0":{"start":{"line":1,"column":16},"end":{"line":1,"column":34}},"1":{"start":{"line":2,"column":15},"end":{"line":2,"column":31}},"2":{"start":{"line":3,"column":19},"end":{"line":3,"column":50}},"3":{"start":{"line":4,"column":14},"end":{"line":4,"column":40}},"4":{"start":{"line":5,"column":14},"end":{"line":5,"column":40}},"5":{"start":{"line":8,"column":0},"end":{"line":16,"column":3}},"6":{"start":{"line":9,"column":2},"end":{"line":15,"column":3}},"7":{"start":{"line":10,"column":25},"end":{"line":10,"column":51}},"8":{"start":{"line":11,"column":4},"end":{"line":11,"column":27}},"9":{"start":{"line":13,"column":4},"end":{"line":13,"column":56}},"10":{"start":{"line":14,"column":4},"end":{"line":14,"column":54}},"11":{"start":{"line":19,"column":0},"end":{"line":36,"column":3}},"12":{"start":{"line":20,"column":2},"end":{"line":35,"column":3}},"13":{"start":{"line":21,"column":35},"end":{"line":21,"column":43}},"14":{"start":{"line":24,"column":18},"end":{"line":24,"column":48}},"15":{"start":{"line":25,"column":18},"end":{"line":25,"column":48}},"16":{"start":{"line":27,"column":4},"end":{"line":27,"column":98}},"17":{"start":{"line":27,"column":16},"end":{"line":27,"column":98}},"18":{"start":{"line":28,"column":4},"end":{"line":28,"column":99}},"19":{"start":{"line":28,"column":16},"end":{"line":28,"column":99}},"20":{"start":{"line":30,"column":26},"end":{"line":30,"column":73}},"21":{"start":{"line":31,"column":4},"end":{"line":31,"column":40}},"22":{"start":{"line":33,"column":4},"end":{"line":33,"column":61}},"23":{"start":{"line":34,"column":4},"end":{"line":34,"column":76}},"24":{"start":{"line":38,"column":0},"end":{"line":38,"column":24}}},"fnMap":{"0":{"name":"(anonymous_0)","decl":{"start":{"line":8,"column":16},"end":{"line":8,"column":17}},"loc":{"start":{"line":8,"column":36},"end":{"line":16,"column":1}},"line":8},"1":{"name":"(anonymous_1)","decl":{"start":{"line":19,"column":17},"end":{"line":19,"column":18}},"loc":{"start":{"line":19,"column":37},"end":{"line":36,"column":1}},"line":19}},"branchMap":{"0":{"loc":{"start":{"line":27,"column":4},"end":{"line":27,"column":98}},"type":"if","locations":[{"start":{"line":27,"column":4},"end":{"line":27,"column":98}},{"start":{},"end":{}}],"line":27},"1":{"loc":{"start":{"line":28,"column":4},"end":{"line":28,"column":99}},"type":"if","locations":[{"start":{"line":28,"column":4},"end":{"line":28,"column":99}},{"start":{},"end":{}}],"line":28}},"s":{"0":5,"1":5,"2":5,"3":5,"4":5,"5":5,"6":0,"7":0,"8":0,"9":0,"10":0,"11":5,"12":0,"13":0,"14":0,"15":0,"16":0,"17":0,"18":0,"19":0,"20":0,"21":0,"22":0,"23":0,"24":5},"f":{"0":0,"1":0},"b":{"0":[0,0],"1":[0,0]},"_coverageSchema":"1a1c01bbd47fc00a2c39e90264f33305004495a9","hash":"b1b365b47328a636da565e3fc8c0e7cf005712d3"}
}
