TN:
SF:index.js
FN:35,(anonymous_0)
FN:48,(anonymous_1)
FN:74,(anonymous_2)
FN:95,(anonymous_3)
FN:107,(anonymous_4)
FN:140,(anonymous_5)
FN:145,(anonymous_6)
FN:150,initializeStats
FN:165,startServer
FN:179,(anonymous_9)
FNF:10
FNH:1
FNDA:0,(anonymous_0)
FNDA:0,(anonymous_1)
FNDA:0,(anonymous_2)
FNDA:0,(anonymous_3)
FNDA:0,(anonymous_4)
FNDA:0,(anonymous_5)
FNDA:0,(anonymous_6)
FNDA:0,initializeStats
FNDA:5,startServer
FNDA:0,(anonymous_9)
DA:1,5
DA:2,5
DA:3,5
DA:4,5
DA:7,5
DA:8,5
DA:9,5
DA:10,5
DA:11,5
DA:12,5
DA:14,5
DA:16,5
DA:17,5
DA:20,5
DA:21,5
DA:24,5
DA:25,5
DA:26,5
DA:27,5
DA:28,5
DA:29,5
DA:32,5
DA:35,5
DA:36,0
DA:37,0
DA:38,0
DA:39,0
DA:41,0
DA:43,0
DA:44,0
DA:48,5
DA:49,0
DA:50,0
DA:51,0
DA:53,0
DA:54,0
DA:57,0
DA:58,0
DA:61,0
DA:62,0
DA:65,0
DA:66,0
DA:68,0
DA:69,0
DA:74,5
DA:75,0
DA:78,0
DA:86,0
DA:87,0
DA:91,0
DA:95,0
DA:100,0
DA:102,0
DA:103,0
DA:107,5
DA:108,0
DA:109,0
DA:111,0
DA:112,0
DA:115,0
DA:117,0
DA:118,0
DA:121,0
DA:123,0
DA:128,0
DA:129,0
DA:134,5
DA:137,5
DA:140,5
DA:141,0
DA:145,5
DA:146,0
DA:151,0
DA:152,0
DA:153,0
DA:154,0
DA:155,0
DA:157,0
DA:160,0
DA:166,5
DA:168,5
DA:169,0
DA:172,0
DA:173,0
DA:176,0
DA:179,0
DA:180,0
DA:183,0
DA:187,5
LF:89
LH:33
BRDA:17,0,0,5
BRDA:17,0,1,0
BRDA:38,1,0,0
BRDA:38,1,1,0
BRDA:53,2,0,0
BRDA:53,2,1,0
BRDA:57,3,0,0
BRDA:57,3,1,0
BRDA:61,4,0,0
BRDA:61,4,1,0
BRDA:86,5,0,0
BRDA:86,5,1,0
BRDA:111,6,0,0
BRDA:111,6,1,0
BRDA:111,7,0,0
BRDA:111,7,1,0
BRDA:117,8,0,0
BRDA:117,8,1,0
BRDA:125,9,0,0
BRDA:125,9,1,0
BRDA:153,10,0,0
BRDA:153,10,1,0
BRF:22
BRH:1
end_of_record
TN:
SF:src/config/database.js
FNF:0
FNH:0
DA:1,5
DA:2,5
DA:4,5
DA:9,5
LF:4
LH:4
BRF:0
BRH:0
end_of_record
TN:
SF:src/config/swagger.js
FN:24,(anonymous_0)
FNF:1
FNH:1
FNDA:5,(anonymous_0)
DA:1,5
DA:2,5
DA:4,5
DA:22,5
DA:24,5
DA:25,5
DA:28,5
LF:7
LH:7
BRF:0
BRH:0
end_of_record
TN:
SF:src/models/actor.js
FNF:0
FNH:0
DA:1,5
DA:2,5
DA:4,5
DA:19,5
LF:4
LH:4
BRF:0
BRH:0
end_of_record
TN:
SF:src/models/associations.js
FNF:0
FNH:0
DA:1,5
DA:2,5
DA:3,5
DA:4,5
DA:5,5
DA:8,5
DA:9,5
DA:12,5
DA:13,5
DA:15,5
LF:10
LH:10
BRF:0
BRH:0
end_of_record
TN:
SF:src/models/game.js
FN:18,(anonymous_0)
FN:21,(anonymous_1)
FNF:2
FNH:0
FNDA:0,(anonymous_0)
FNDA:0,(anonymous_1)
DA:2,5
DA:3,5
DA:5,5
DA:19,0
DA:22,0
DA:34,5
LF:6
LH:4
BRF:0
BRH:0
end_of_record
TN:
SF:src/models/genre.js
FNF:0
FNH:0
DA:1,5
DA:2,5
DA:3,5
DA:5,5
DA:20,5
DA:22,5
LF:6
LH:6
BRF:0
BRH:0
end_of_record
TN:
SF:src/models/movie.js
FNF:0
FNH:0
DA:1,5
DA:2,5
DA:4,5
DA:23,5
LF:4
LH:4
BRF:0
BRH:0
end_of_record
TN:
SF:src/models/movieActor.js
FNF:0
FNH:0
DA:1,5
DA:2,5
DA:4,5
DA:20,5
LF:4
LH:4
BRF:0
BRH:0
end_of_record
TN:
SF:src/models/movieGenre.js
FNF:0
FNH:0
DA:1,5
DA:2,5
DA:5,5
DA:21,5
LF:4
LH:4
BRF:0
BRH:0
end_of_record
TN:
SF:src/models/stats.js
FNF:0
FNH:0
DA:1,5
DA:2,5
DA:4,5
DA:25,5
LF:4
LH:4
BRF:0
BRH:0
end_of_record
TN:
SF:src/routes/actors.js
FN:38,(anonymous_0)
FN:49,(anonymous_1)
FN:108,(anonymous_2)
FNF:3
FNH:0
FNDA:0,(anonymous_0)
FNDA:0,(anonymous_1)
FNDA:0,(anonymous_2)
DA:1,5
DA:2,5
DA:3,5
DA:4,5
DA:38,5
DA:39,0
DA:40,0
DA:41,0
DA:43,0
DA:44,0
DA:49,5
DA:50,0
DA:51,0
DA:52,0
DA:54,0
DA:62,0
DA:64,0
DA:65,0
DA:68,0
DA:70,0
DA:71,0
DA:108,5
DA:109,0
DA:110,0
DA:111,0
DA:113,0
DA:114,0
DA:118,5
LF:28
LH:8
BRDA:64,0,0,0
BRDA:64,0,1,0
BRDA:64,1,0,0
BRDA:64,1,1,0
BRF:4
BRH:0
end_of_record
TN:
SF:src/routes/genres.js
FN:51,(anonymous_0)
FN:62,(anonymous_1)
FNF:2
FNH:0
FNDA:0,(anonymous_0)
FNDA:0,(anonymous_1)
DA:1,5
DA:2,5
DA:3,5
DA:51,5
DA:52,0
DA:53,0
DA:54,0
DA:56,0
DA:57,0
DA:62,5
DA:63,0
DA:64,0
DA:65,0
DA:67,0
DA:68,0
DA:72,5
LF:16
LH:6
BRF:0
BRH:0
end_of_record
TN:
SF:src/routes/leaderboard.js
FN:34,(anonymous_0)
FNF:1
FNH:0
FNDA:0,(anonymous_0)
DA:1,5
DA:2,5
DA:3,5
DA:34,5
DA:35,0
DA:36,0
DA:41,0
DA:43,0
DA:44,0
DA:48,5
LF:10
LH:5
BRF:0
BRH:0
end_of_record
TN:
SF:src/routes/movies.js
FN:90,(anonymous_0)
FN:106,(anonymous_1)
FNF:2
FNH:0
FNDA:0,(anonymous_0)
FNDA:0,(anonymous_1)
DA:1,5
DA:2,5
DA:3,5
DA:4,5
DA:90,5
DA:91,0
DA:92,0
DA:93,0
DA:99,0
DA:101,0
DA:102,0
DA:106,5
DA:107,0
DA:108,0
DA:109,0
DA:111,0
DA:112,0
DA:116,5
LF:18
LH:7
BRF:0
BRH:0
end_of_record
TN:
SF:src/routes/moviesActors.js
FN:58,(anonymous_0)
FN:69,(anonymous_1)
FNF:2
FNH:0
FNDA:0,(anonymous_0)
FNDA:0,(anonymous_1)
DA:1,5
DA:2,5
DA:3,5
DA:4,5
DA:5,5
DA:58,5
DA:59,0
DA:60,0
DA:61,0
DA:63,0
DA:64,0
DA:69,5
DA:70,0
DA:71,0
DA:74,0
DA:75,0
DA:77,0
DA:78,0
DA:80,0
DA:81,0
DA:83,0
DA:84,0
DA:88,5
LF:23
LH:8
BRDA:77,0,0,0
BRDA:77,0,1,0
BRDA:78,1,0,0
BRDA:78,1,1,0
BRF:4
BRH:0
end_of_record
TN:
SF:src/routes/moviesGenres.js
FN:8,(anonymous_0)
FN:19,(anonymous_1)
FNF:2
FNH:0
FNDA:0,(anonymous_0)
FNDA:0,(anonymous_1)
DA:1,5
DA:2,5
DA:3,5
DA:4,5
DA:5,5
DA:8,5
DA:9,0
DA:10,0
DA:11,0
DA:13,0
DA:14,0
DA:19,5
DA:20,0
DA:21,0
DA:24,0
DA:25,0
DA:27,0
DA:28,0
DA:30,0
DA:31,0
DA:33,0
DA:34,0
DA:38,5
LF:23
LH:8
BRDA:27,0,0,0
BRDA:27,0,1,0
BRDA:28,1,0,0
BRDA:28,1,1,0
BRF:4
BRH:0
end_of_record
